<?xml version="1.0" encoding="UTF-8"?>
<!-- Generated by org.testng.reporters.JUnitReportReporter -->
<testsuite skipped="0" hostname="DESKTOP-9BMLCIN" name="com.mavendemo.interns.mvnclass" tests="1" failures="0" timestamp="07 Sep 2018 07:30:49 GMT" time="0.014" errors="0">
  <testcase name="print" time="0.014" classname="com.mavendemo.interns.mvnclass"/>
</testsuite> <!-- com.mavendemo.interns.mvnclass -->
