<?xml version="1.0" encoding="UTF-8"?>
<!-- Generated by org.testng.reporters.JUnitReportReporter -->
<testsuite skipped="0" hostname="DESKTOP-9BMLCIN" name="com.mavendemo.interns.mvnclass" tests="1" failures="0" timestamp="10 Sep 2018 06:49:43 GMT" time="0.010" errors="0">
  <testcase name="print" time="0.010" classname="com.mavendemo.interns.mvnclass"/>
</testsuite> <!-- com.mavendemo.interns.mvnclass -->
